<?xml version="1.0" encoding="UTF-8"?>
<testng-results ignored="0" total="2" passed="2" failed="0" skipped="0">
  <reporter-output>
  </reporter-output>
  <suite started-at="2021-10-25T13:41:38 IST" name="Default suite" finished-at="2021-10-25T13:42:14 IST" duration-ms="36270">
    <groups>
    </groups>
    <test started-at="2021-10-25T13:41:38 IST" name="Default test" finished-at="2021-10-25T13:42:14 IST" duration-ms="36270">
      <class name="com.crm.qa.testcases.LoginPageTest">
        <test-method is-config="true" signature="browseropen()[pri:0, instance:com.crm.qa.testcases.LoginPageTest@76c3e77a]" started-at="2021-10-25T13:41:38 IST" name="browseropen" finished-at="2021-10-25T13:41:42 IST" duration-ms="3821" status="PASS">
          <reporter-output>
          </reporter-output>
        </test-method> <!-- browseropen -->
        <test-method signature="Demosite()[pri:1, instance:com.crm.qa.testcases.LoginPageTest@76c3e77a]" started-at="2021-10-25T13:41:42 IST" name="Demosite" finished-at="2021-10-25T13:41:53 IST" duration-ms="11759" status="PASS">
          <reporter-output>
          </reporter-output>
        </test-method> <!-- Demosite -->
        <test-method is-config="true" signature="browserclose()[pri:0, instance:com.crm.qa.testcases.LoginPageTest@76c3e77a]" started-at="2021-10-25T13:41:53 IST" name="browserclose" finished-at="2021-10-25T13:41:54 IST" duration-ms="1002" status="PASS">
          <reporter-output>
          </reporter-output>
        </test-method> <!-- browserclose -->
        <test-method is-config="true" signature="browseropen()[pri:0, instance:com.crm.qa.testcases.LoginPageTest@76c3e77a]" started-at="2021-10-25T13:41:54 IST" name="browseropen" finished-at="2021-10-25T13:41:58 IST" duration-ms="3168" status="PASS">
          <reporter-output>
          </reporter-output>
        </test-method> <!-- browseropen -->
        <test-method signature="Demosite1()[pri:2, instance:com.crm.qa.testcases.LoginPageTest@76c3e77a]" started-at="2021-10-25T13:41:58 IST" name="Demosite1" finished-at="2021-10-25T13:42:13 IST" duration-ms="15493" status="PASS">
          <reporter-output>
          </reporter-output>
        </test-method> <!-- Demosite1 -->
        <test-method is-config="true" signature="browserclose()[pri:0, instance:com.crm.qa.testcases.LoginPageTest@76c3e77a]" started-at="2021-10-25T13:42:13 IST" name="browserclose" finished-at="2021-10-25T13:42:14 IST" duration-ms="987" status="PASS">
          <reporter-output>
          </reporter-output>
        </test-method> <!-- browserclose -->
      </class> <!-- com.crm.qa.testcases.LoginPageTest -->
    </test> <!-- Default test -->
  </suite> <!-- Default suite -->
</testng-results>
